# JRE version: OpenJDK Runtime Environment Temurin-21.0.7+6 (21.0.7+6) (build 21.0.7+6-LTS)
# Java VM: OpenJDK 64-Bit Server VM Temurin-21.0.7+6 (21.0.7+6-LTS, mixed mode, sharing, tiered, compressed oops, compressed class ptrs, parallel gc, windows-amd64)
GC Precious Log:
 CardTable entry size: 512
 CPUs: 16 total, 16 available
 Memory: 32492M
 Large Page Support: Disabled
 NUMA Support: Disabled
 Compressed Oops: Enabled (32-bit)
 Alignments: Space 512K, Generation 512K, Heap 2M
 Heap Min Capacity: 100M
 Heap Initial Capacity: 100M
 Heap Max Capacity: 1G
 Pre-touch: Disabled
 Parallel Workers: 13
Heap:
 PSYoungGen      total 11264K, used 11021K [0x00000000eab00000, 0x00000000eb880000, 0x0000000100000000)
  eden space 8704K, 100% used [0x00000000eab00000,0x00000000eb380000,0x00000000eb380000)
  from space 2560K, 90% used [0x00000000eb380000,0x00000000eb5c3408,0x00000000eb600000)
  to   space 2560K, 47% used [0x00000000eb600000,0x00000000eb730000,0x00000000eb880000)
 ParOldGen       total 181760K, used 181755K [0x00000000c0000000, 0x00000000cb180000, 0x00000000eab00000)
  object space 181760K, 99% used [0x00000000c0000000,0x00000000cb17eff0,0x00000000cb180000)
 Metaspace       used 47885K, committed 49280K, reserved 1114112K
  class space    used 4960K, committed 5568K, reserved 1048576K
GC Heap History (20 events):
Event: 5.821 GC heap before
{Heap before GC invocations=76 (full 2):
 PSYoungGen      total 12288K, used 12031K [0x00000000eab00000, 0x00000000eb980000, 0x0000000100000000)
  eden space 9728K, 100% used [0x00000000eab00000,0x00000000eb480000,0x00000000eb480000)
  from space 2560K, 89% used [0x00000000eb480000,0x00000000eb6bfc90,0x00000000eb700000)
  to   space 2560K, 0% used [0x00000000eb700000,0x00000000eb700000,0x00000000eb980000)
 ParOldGen       total 160768K, used 160563K [0x00000000c0000000, 0x00000000c9d00000, 0x00000000eab00000)
  object space 160768K, 99% used [0x00000000c0000000,0x00000000c9cccd50,0x00000000c9d00000)
 Metaspace       used 47107K, committed 48448K, reserved 1114112K
  class space    used 4869K, committed 5440K, reserved 1048576K
}
Event: 5.822 GC heap after
{Heap after GC invocations=76 (full 2):
 PSYoungGen      total 12288K, used 2277K [0x00000000eab00000, 0x00000000eb980000, 0x0000000100000000)
  eden space 9728K, 0% used [0x00000000eab00000,0x00000000eab00000,0x00000000eb480000)
  from space 2560K, 88% used [0x00000000eb700000,0x00000000eb9395f8,0x00000000eb980000)
  to   space 2560K, 0% used [0x00000000eb480000,0x00000000eb480000,0x00000000eb700000)
 ParOldGen       total 162816K, used 162593K [0x00000000c0000000, 0x00000000c9f00000, 0x00000000eab00000)
  object space 162816K, 99% used [0x00000000c0000000,0x00000000c9ec84d0,0x00000000c9f00000)
 Metaspace       used 47107K, committed 48448K, reserved 1114112K
  class space    used 4869K, committed 5440K, reserved 1048576K
}
Event: 5.840 GC heap before
{Heap before GC invocations=77 (full 2):
 PSYoungGen      total 12288K, used 12005K [0x00000000eab00000, 0x00000000eb980000, 0x0000000100000000)
  eden space 9728K, 100% used [0x00000000eab00000,0x00000000eb480000,0x00000000eb480000)
  from space 2560K, 88% used [0x00000000eb700000,0x00000000eb9395f8,0x00000000eb980000)
  to   space 2560K, 0% used [0x00000000eb480000,0x00000000eb480000,0x00000000eb700000)
 ParOldGen       total 162816K, used 162593K [0x00000000c0000000, 0x00000000c9f00000, 0x00000000eab00000)
  object space 162816K, 99% used [0x00000000c0000000,0x00000000c9ec84d0,0x00000000c9f00000)
 Metaspace       used 47259K, committed 48576K, reserved 1114112K
  class space    used 4887K, committed 5440K, reserved 1048576K
}
Event: 5.841 GC heap after
{Heap after GC invocations=77 (full 2):
 PSYoungGen      total 12288K, used 2269K [0x00000000eab00000, 0x00000000eb980000, 0x0000000100000000)
  eden space 9728K, 0% used [0x00000000eab00000,0x00000000eab00000,0x00000000eb480000)
  from space 2560K, 88% used [0x00000000eb480000,0x00000000eb6b7528,0x00000000eb700000)
  to   space 2560K, 0% used [0x00000000eb700000,0x00000000eb700000,0x00000000eb980000)
 ParOldGen       total 164864K, used 164645K [0x00000000c0000000, 0x00000000ca100000, 0x00000000eab00000)
  object space 164864K, 99% used [0x00000000c0000000,0x00000000ca0c94f8,0x00000000ca100000)
 Metaspace       used 47259K, committed 48576K, reserved 1114112K
  class space    used 4887K, committed 5440K, reserved 1048576K
}
Event: 5.857 GC heap before
{Heap before GC invocations=78 (full 2):
 PSYoungGen      total 12288K, used 11997K [0x00000000eab00000, 0x00000000eb980000, 0x0000000100000000)
  eden space 9728K, 100% used [0x00000000eab00000,0x00000000eb480000,0x00000000eb480000)
  from space 2560K, 88% used [0x00000000eb480000,0x00000000eb6b7528,0x00000000eb700000)
  to   space 2560K, 0% used [0x00000000eb700000,0x00000000eb700000,0x00000000eb980000)
 ParOldGen       total 164864K, used 164645K [0x00000000c0000000, 0x00000000ca100000, 0x00000000eab00000)
  object space 164864K, 99% used [0x00000000c0000000,0x00000000ca0c94f8,0x00000000ca100000)
 Metaspace       used 47348K, committed 48704K, reserved 1114112K
  class space    used 4898K, committed 5504K, reserved 1048576K
}
Event: 5.858 GC heap after
{Heap after GC invocations=78 (full 2):
 PSYoungGen      total 12288K, used 2333K [0x00000000eab00000, 0x00000000eb980000, 0x0000000100000000)
  eden space 9728K, 0% used [0x00000000eab00000,0x00000000eab00000,0x00000000eb480000)
  from space 2560K, 91% used [0x00000000eb700000,0x00000000eb9476d0,0x00000000eb980000)
  to   space 2560K, 0% used [0x00000000eb480000,0x00000000eb480000,0x00000000eb700000)
 ParOldGen       total 166912K, used 166549K [0x00000000c0000000, 0x00000000ca300000, 0x00000000eab00000)
  object space 166912K, 99% used [0x00000000c0000000,0x00000000ca2a56a8,0x00000000ca300000)
 Metaspace       used 47348K, committed 48704K, reserved 1114112K
  class space    used 4898K, committed 5504K, reserved 1048576K
}
Event: 5.877 GC heap before
{Heap before GC invocations=79 (full 2):
 PSYoungGen      total 12288K, used 12061K [0x00000000eab00000, 0x00000000eb980000, 0x0000000100000000)
  eden space 9728K, 100% used [0x00000000eab00000,0x00000000eb480000,0x00000000eb480000)
  from space 2560K, 91% used [0x00000000eb700000,0x00000000eb9476d0,0x00000000eb980000)
  to   space 2560K, 0% used [0x00000000eb480000,0x00000000eb480000,0x00000000eb700000)
 ParOldGen       total 166912K, used 166549K [0x00000000c0000000, 0x00000000ca300000, 0x00000000eab00000)
  object space 166912K, 99% used [0x00000000c0000000,0x00000000ca2a56a8,0x00000000ca300000)
 Metaspace       used 47434K, committed 48768K, reserved 1114112K
  class space    used 4910K, committed 5504K, reserved 1048576K
}
Event: 5.879 GC heap after
{Heap after GC invocations=79 (full 2):
 PSYoungGen      total 12288K, used 2309K [0x00000000eab00000, 0x00000000eb980000, 0x0000000100000000)
  eden space 9728K, 0% used [0x00000000eab00000,0x00000000eab00000,0x00000000eb480000)
  from space 2560K, 90% used [0x00000000eb480000,0x00000000eb6c1710,0x00000000eb700000)
  to   space 2560K, 0% used [0x00000000eb700000,0x00000000eb700000,0x00000000eb980000)
 ParOldGen       total 168960K, used 168580K [0x00000000c0000000, 0x00000000ca500000, 0x00000000eab00000)
  object space 168960K, 99% used [0x00000000c0000000,0x00000000ca4a12e0,0x00000000ca500000)
 Metaspace       used 47434K, committed 48768K, reserved 1114112K
  class space    used 4910K, committed 5504K, reserved 1048576K
}
Event: 5.897 GC heap before
{Heap before GC invocations=80 (full 2):
 PSYoungGen      total 12288K, used 12037K [0x00000000eab00000, 0x00000000eb980000, 0x0000000100000000)
  eden space 9728K, 100% used [0x00000000eab00000,0x00000000eb480000,0x00000000eb480000)
  from space 2560K, 90% used [0x00000000eb480000,0x00000000eb6c1710,0x00000000eb700000)
  to   space 2560K, 0% used [0x00000000eb700000,0x00000000eb700000,0x00000000eb980000)
 ParOldGen       total 168960K, used 168580K [0x00000000c0000000, 0x00000000ca500000, 0x00000000eab00000)
  object space 168960K, 99% used [0x00000000c0000000,0x00000000ca4a12e0,0x00000000ca500000)
 Metaspace       used 47516K, committed 48832K, reserved 1114112K
  class space    used 4922K, committed 5504K, reserved 1048576K
}
Event: 5.899 GC heap after
{Heap after GC invocations=80 (full 2):
 PSYoungGen      total 12288K, used 2071K [0x00000000eab00000, 0x00000000eb980000, 0x0000000100000000)
  eden space 9728K, 0% used [0x00000000eab00000,0x00000000eab00000,0x00000000eb480000)
  from space 2560K, 80% used [0x00000000eb700000,0x00000000eb905d20,0x00000000eb980000)
  to   space 2560K, 0% used [0x00000000eb480000,0x00000000eb480000,0x00000000eb700000)
 ParOldGen       total 171008K, used 170686K [0x00000000c0000000, 0x00000000ca700000, 0x00000000eab00000)
  object space 171008K, 99% used [0x00000000c0000000,0x00000000ca6afb28,0x00000000ca700000)
 Metaspace       used 47516K, committed 48832K, reserved 1114112K
  class space    used 4922K, committed 5504K, reserved 1048576K
}
Event: 5.914 GC heap before
{Heap before GC invocations=81 (full 2):
 PSYoungGen      total 12288K, used 11799K [0x00000000eab00000, 0x00000000eb980000, 0x0000000100000000)
  eden space 9728K, 100% used [0x00000000eab00000,0x00000000eb480000,0x00000000eb480000)
  from space 2560K, 80% used [0x00000000eb700000,0x00000000eb905d20,0x00000000eb980000)
  to   space 2560K, 0% used [0x00000000eb480000,0x00000000eb480000,0x00000000eb700000)
 ParOldGen       total 171008K, used 170686K [0x00000000c0000000, 0x00000000ca700000, 0x00000000eab00000)
  object space 171008K, 99% used [0x00000000c0000000,0x00000000ca6afb28,0x00000000ca700000)
 Metaspace       used 47516K, committed 48832K, reserved 1114112K
  class space    used 4922K, committed 5504K, reserved 1048576K
}
Event: 7.931 GC heap after
{Heap after GC invocations=81 (full 2):
 PSYoungGen      total 12288K, used 2536K [0x00000000eab00000, 0x00000000eb980000, 0x0000000100000000)
  eden space 9728K, 0% used [0x00000000eab00000,0x00000000eab00000,0x00000000eb480000)
  from space 2560K, 99% used [0x00000000eb480000,0x00000000eb6fa398,0x00000000eb700000)
  to   space 2560K, 0% used [0x00000000eb700000,0x00000000eb700000,0x00000000eb980000)
 ParOldGen       total 173056K, used 172654K [0x00000000c0000000, 0x00000000ca900000, 0x00000000eab00000)
  object space 173056K, 99% used [0x00000000c0000000,0x00000000ca89b9c0,0x00000000ca900000)
 Metaspace       used 47516K, committed 48832K, reserved 1114112K
  class space    used 4922K, committed 5504K, reserved 1048576K
}
Event: 7.949 GC heap before
{Heap before GC invocations=82 (full 2):
 PSYoungGen      total 12288K, used 12264K [0x00000000eab00000, 0x00000000eb980000, 0x0000000100000000)
  eden space 9728K, 100% used [0x00000000eab00000,0x00000000eb480000,0x00000000eb480000)
  from space 2560K, 99% used [0x00000000eb480000,0x00000000eb6fa398,0x00000000eb700000)
  to   space 2560K, 0% used [0x00000000eb700000,0x00000000eb700000,0x00000000eb980000)
 ParOldGen       total 173056K, used 172654K [0x00000000c0000000, 0x00000000ca900000, 0x00000000eab00000)
  object space 173056K, 99% used [0x00000000c0000000,0x00000000ca89b9c0,0x00000000ca900000)
 Metaspace       used 47579K, committed 48896K, reserved 1114112K
  class space    used 4931K, committed 5504K, reserved 1048576K
}
Event: 7.951 GC heap after
{Heap after GC invocations=82 (full 2):
 PSYoungGen      total 11264K, used 2291K [0x00000000eab00000, 0x00000000ebb80000, 0x0000000100000000)
  eden space 8704K, 0% used [0x00000000eab00000,0x00000000eab00000,0x00000000eb380000)
  from space 2560K, 89% used [0x00000000eb700000,0x00000000eb93ce40,0x00000000eb980000)
  to   space 3584K, 0% used [0x00000000eb380000,0x00000000eb380000,0x00000000eb700000)
 ParOldGen       total 175104K, used 174904K [0x00000000c0000000, 0x00000000cab00000, 0x00000000eab00000)
  object space 175104K, 99% used [0x00000000c0000000,0x00000000caace2f8,0x00000000cab00000)
 Metaspace       used 47579K, committed 48896K, reserved 1114112K
  class space    used 4931K, committed 5504K, reserved 1048576K
}
Event: 7.965 GC heap before
{Heap before GC invocations=83 (full 2):
 PSYoungGen      total 11264K, used 10995K [0x00000000eab00000, 0x00000000ebb80000, 0x0000000100000000)
  eden space 8704K, 100% used [0x00000000eab00000,0x00000000eb380000,0x00000000eb380000)
  from space 2560K, 89% used [0x00000000eb700000,0x00000000eb93ce40,0x00000000eb980000)
  to   space 3584K, 0% used [0x00000000eb380000,0x00000000eb380000,0x00000000eb700000)
 ParOldGen       total 175104K, used 174904K [0x00000000c0000000, 0x00000000cab00000, 0x00000000eab00000)
  object space 175104K, 99% used [0x00000000c0000000,0x00000000caace2f8,0x00000000cab00000)
 Metaspace       used 47677K, committed 48960K, reserved 1114112K
  class space    used 4940K, committed 5504K, reserved 1048576K
}
Event: 7.966 GC heap after
{Heap after GC invocations=83 (full 2):
 PSYoungGen      total 11264K, used 2118K [0x00000000eab00000, 0x00000000eb880000, 0x0000000100000000)
  eden space 8704K, 0% used [0x00000000eab00000,0x00000000eab00000,0x00000000eb380000)
  from space 2560K, 82% used [0x00000000eb380000,0x00000000eb591910,0x00000000eb600000)
  to   space 2560K, 0% used [0x00000000eb600000,0x00000000eb600000,0x00000000eb880000)
 ParOldGen       total 177152K, used 177023K [0x00000000c0000000, 0x00000000cad00000, 0x00000000eab00000)
  object space 177152K, 99% used [0x00000000c0000000,0x00000000cacdfc58,0x00000000cad00000)
 Metaspace       used 47677K, committed 48960K, reserved 1114112K
  class space    used 4940K, committed 5504K, reserved 1048576K
}
Event: 7.983 GC heap before
{Heap before GC invocations=84 (full 2):
 PSYoungGen      total 11264K, used 10822K [0x00000000eab00000, 0x00000000eb880000, 0x0000000100000000)
  eden space 8704K, 100% used [0x00000000eab00000,0x00000000eb380000,0x00000000eb380000)
  from space 2560K, 82% used [0x00000000eb380000,0x00000000eb591910,0x00000000eb600000)
  to   space 2560K, 0% used [0x00000000eb600000,0x00000000eb600000,0x00000000eb880000)
 ParOldGen       total 177152K, used 177023K [0x00000000c0000000, 0x00000000cad00000, 0x00000000eab00000)
  object space 177152K, 99% used [0x00000000c0000000,0x00000000cacdfc58,0x00000000cad00000)
 Metaspace       used 47785K, committed 49152K, reserved 1114112K
  class space    used 4948K, committed 5504K, reserved 1048576K
}
Event: 7.984 GC heap after
{Heap after GC invocations=84 (full 2):
 PSYoungGen      total 11264K, used 2301K [0x00000000eab00000, 0x00000000eb880000, 0x0000000100000000)
  eden space 8704K, 0% used [0x00000000eab00000,0x00000000eab00000,0x00000000eb380000)
  from space 2560K, 89% used [0x00000000eb600000,0x00000000eb83f438,0x00000000eb880000)
  to   space 2560K, 0% used [0x00000000eb380000,0x00000000eb380000,0x00000000eb600000)
 ParOldGen       total 179200K, used 178836K [0x00000000c0000000, 0x00000000caf00000, 0x00000000eab00000)
  object space 179200K, 99% used [0x00000000c0000000,0x00000000caea53b8,0x00000000caf00000)
 Metaspace       used 47785K, committed 49152K, reserved 1114112K
  class space    used 4948K, committed 5504K, reserved 1048576K
}
Event: 8.008 GC heap before
{Heap before GC invocations=85 (full 2):
 PSYoungGen      total 11264K, used 11005K [0x00000000eab00000, 0x00000000eb880000, 0x0000000100000000)
  eden space 8704K, 100% used [0x00000000eab00000,0x00000000eb380000,0x00000000eb380000)
  from space 2560K, 89% used [0x00000000eb600000,0x00000000eb83f438,0x00000000eb880000)
  to   space 2560K, 0% used [0x00000000eb380000,0x00000000eb380000,0x00000000eb600000)
 ParOldGen       total 179200K, used 178836K [0x00000000c0000000, 0x00000000caf00000, 0x00000000eab00000)
  object space 179200K, 99% used [0x00000000c0000000,0x00000000caea53b8,0x00000000caf00000)
 Metaspace       used 47843K, committed 49280K, reserved 1114112K
  class space    used 4955K, committed 5568K, reserved 1048576K
}
Event: 8.011 GC heap after
{Heap after GC invocations=85 (full 2):
 PSYoungGen      total 11264K, used 2317K [0x00000000eab00000, 0x00000000eb880000, 0x0000000100000000)
  eden space 8704K, 0% used [0x00000000eab00000,0x00000000eab00000,0x00000000eb380000)
  from space 2560K, 90% used [0x00000000eb380000,0x00000000eb5c3408,0x00000000eb600000)
  to   space 2560K, 0% used [0x00000000eb600000,0x00000000eb600000,0x00000000eb880000)
 ParOldGen       total 181248K, used 180831K [0x00000000c0000000, 0x00000000cb100000, 0x00000000eab00000)
  object space 181248K, 99% used [0x00000000c0000000,0x00000000cb097c80,0x00000000cb100000)
 Metaspace       used 47843K, committed 49280K, reserved 1114112K
  class space    used 4955K, committed 5568K, reserved 1048576K
}

