# JRE version: OpenJDK Runtime Environment Temurin-21.0.7+6 (21.0.7+6) (build 21.0.7+6-LTS)
# Java VM: OpenJDK 64-Bit Server VM Temurin-21.0.7+6 (21.0.7+6-LTS, mixed mode, sharing, tiered, compressed oops, compressed class ptrs, parallel gc, windows-amd64)
GC Precious Log:
 CardTable entry size: 512
 CPUs: 16 total, 16 available
 Memory: 32492M
 Large Page Support: Disabled
 NUMA Support: Disabled
 Compressed Oops: Enabled (32-bit)
 Alignments: Space 512K, Generation 512K, Heap 2M
 Heap Min Capacity: 100M
 Heap Initial Capacity: 100M
 Heap Max Capacity: 1G
 Pre-touch: Disabled
 Parallel Workers: 13
Heap:
 PSYoungGen      total 5120K, used 3588K [0x00000000eab00000, 0x00000000eb480000, 0x0000000100000000)
  eden space 4096K, 67% used [0x00000000eab00000,0x00000000eadae990,0x00000000eaf00000)
  from space 1024K, 82% used [0x00000000eb380000,0x00000000eb452910,0x00000000eb480000)
  to   space 1024K, 0% used [0x00000000eb280000,0x00000000eb280000,0x00000000eb380000)
 ParOldGen       total 661504K, used 661240K [0x00000000c0000000, 0x00000000e8600000, 0x00000000eab00000)
  object space 661504K, 99% used [0x00000000c0000000,0x00000000e85be330,0x00000000e8600000)
 Metaspace       used 85494K, committed 87040K, reserved 1179648K
  class space    used 8344K, committed 9024K, reserved 1048576K
GC Heap History (20 events):
Event: 62342.287 GC heap before
{Heap before GC invocations=2960 (full 7):
 PSYoungGen      total 4608K, used 4593K [0x00000000eab00000, 0x00000000eb380000, 0x0000000100000000)
  eden space 4096K, 100% used [0x00000000eab00000,0x00000000eaf00000,0x00000000eaf00000)
  from space 512K, 97% used [0x00000000eb100000,0x00000000eb17c500,0x00000000eb180000)
  to   space 2048K, 0% used [0x00000000eaf00000,0x00000000eaf00000,0x00000000eb100000)
 ParOldGen       total 606720K, used 606221K [0x00000000c0000000, 0x00000000e5080000, 0x00000000eab00000)
  object space 606720K, 99% used [0x00000000c0000000,0x00000000e50036d0,0x00000000e5080000)
 Metaspace       used 85390K, committed 86976K, reserved 1179648K
  class space    used 8327K, committed 9024K, reserved 1048576K
}
Event: 62342.290 GC heap after
{Heap after GC invocations=2960 (full 7):
 PSYoungGen      total 6144K, used 2043K [0x00000000eab00000, 0x00000000eb800000, 0x0000000100000000)
  eden space 4096K, 0% used [0x00000000eab00000,0x00000000eab00000,0x00000000eaf00000)
  from space 2048K, 99% used [0x00000000eaf00000,0x00000000eb0fecd0,0x00000000eb100000)
  to   space 4608K, 0% used [0x00000000eb380000,0x00000000eb380000,0x00000000eb800000)
 ParOldGen       total 608256K, used 608020K [0x00000000c0000000, 0x00000000e5200000, 0x00000000eab00000)
  object space 608256K, 99% used [0x00000000c0000000,0x00000000e51c50d0,0x00000000e5200000)
 Metaspace       used 85390K, committed 86976K, reserved 1179648K
  class space    used 8327K, committed 9024K, reserved 1048576K
}
Event: 62342.299 GC heap before
{Heap before GC invocations=2961 (full 7):
 PSYoungGen      total 6144K, used 6139K [0x00000000eab00000, 0x00000000eb800000, 0x0000000100000000)
  eden space 4096K, 100% used [0x00000000eab00000,0x00000000eaf00000,0x00000000eaf00000)
  from space 2048K, 99% used [0x00000000eaf00000,0x00000000eb0fecd0,0x00000000eb100000)
  to   space 4608K, 0% used [0x00000000eb380000,0x00000000eb380000,0x00000000eb800000)
 ParOldGen       total 608256K, used 608020K [0x00000000c0000000, 0x00000000e5200000, 0x00000000eab00000)
  object space 608256K, 99% used [0x00000000c0000000,0x00000000e51c50d0,0x00000000e5200000)
 Metaspace       used 85390K, committed 86976K, reserved 1179648K
  class space    used 8327K, committed 9024K, reserved 1048576K
}
Event: 62342.301 GC heap after
{Heap after GC invocations=2961 (full 7):
 PSYoungGen      total 8704K, used 4192K [0x00000000eab00000, 0x00000000eb800000, 0x0000000100000000)
  eden space 4096K, 0% used [0x00000000eab00000,0x00000000eab00000,0x00000000eaf00000)
  from space 4608K, 90% used [0x00000000eb380000,0x00000000eb798000,0x00000000eb800000)
  to   space 4608K, 0% used [0x00000000eaf00000,0x00000000eaf00000,0x00000000eb380000)
 ParOldGen       total 610304K, used 610135K [0x00000000c0000000, 0x00000000e5400000, 0x00000000eab00000)
  object space 610304K, 99% used [0x00000000c0000000,0x00000000e53d5da0,0x00000000e5400000)
 Metaspace       used 85390K, committed 86976K, reserved 1179648K
  class space    used 8327K, committed 9024K, reserved 1048576K
}
Event: 62342.309 GC heap before
{Heap before GC invocations=2962 (full 7):
 PSYoungGen      total 8704K, used 8288K [0x00000000eab00000, 0x00000000eb800000, 0x0000000100000000)
  eden space 4096K, 100% used [0x00000000eab00000,0x00000000eaf00000,0x00000000eaf00000)
  from space 4608K, 90% used [0x00000000eb380000,0x00000000eb798000,0x00000000eb800000)
  to   space 4608K, 0% used [0x00000000eaf00000,0x00000000eaf00000,0x00000000eb380000)
 ParOldGen       total 610304K, used 610135K [0x00000000c0000000, 0x00000000e5400000, 0x00000000eab00000)
  object space 610304K, 99% used [0x00000000c0000000,0x00000000e53d5da0,0x00000000e5400000)
 Metaspace       used 85390K, committed 86976K, reserved 1179648K
  class space    used 8327K, committed 9024K, reserved 1048576K
}
Event: 62342.311 GC heap after
{Heap after GC invocations=2962 (full 7):
 PSYoungGen      total 8704K, used 4256K [0x00000000eab00000, 0x00000000eb800000, 0x0000000100000000)
  eden space 4096K, 0% used [0x00000000eab00000,0x00000000eab00000,0x00000000eaf00000)
  from space 4608K, 92% used [0x00000000eaf00000,0x00000000eb328000,0x00000000eb380000)
  to   space 4608K, 0% used [0x00000000eb380000,0x00000000eb380000,0x00000000eb800000)
 ParOldGen       total 614400K, used 614271K [0x00000000c0000000, 0x00000000e5800000, 0x00000000eab00000)
  object space 614400K, 99% used [0x00000000c0000000,0x00000000e57dfda0,0x00000000e5800000)
 Metaspace       used 85390K, committed 86976K, reserved 1179648K
  class space    used 8327K, committed 9024K, reserved 1048576K
}
Event: 62342.343 GC heap before
{Heap before GC invocations=2963 (full 7):
 PSYoungGen      total 8704K, used 8296K [0x00000000eab00000, 0x00000000eb800000, 0x0000000100000000)
  eden space 4096K, 98% used [0x00000000eab00000,0x00000000eaef2238,0x00000000eaf00000)
  from space 4608K, 92% used [0x00000000eaf00000,0x00000000eb328000,0x00000000eb380000)
  to   space 4608K, 0% used [0x00000000eb380000,0x00000000eb380000,0x00000000eb800000)
 ParOldGen       total 614400K, used 614271K [0x00000000c0000000, 0x00000000e5800000, 0x00000000eab00000)
  object space 614400K, 99% used [0x00000000c0000000,0x00000000e57dfda0,0x00000000e5800000)
 Metaspace       used 85390K, committed 86976K, reserved 1179648K
  class space    used 8327K, committed 9024K, reserved 1048576K
}
Event: 62342.346 GC heap after
{Heap after GC invocations=2963 (full 7):
 PSYoungGen      total 7680K, used 3405K [0x00000000eab00000, 0x00000000eb700000, 0x0000000100000000)
  eden space 4096K, 0% used [0x00000000eab00000,0x00000000eab00000,0x00000000eaf00000)
  from space 3584K, 95% used [0x00000000eb380000,0x00000000eb6d3400,0x00000000eb700000)
  to   space 4096K, 0% used [0x00000000eaf00000,0x00000000eaf00000,0x00000000eb300000)
 ParOldGen       total 618496K, used 618407K [0x00000000c0000000, 0x00000000e5c00000, 0x00000000eab00000)
  object space 618496K, 99% used [0x00000000c0000000,0x00000000e5be9da0,0x00000000e5c00000)
 Metaspace       used 85390K, committed 86976K, reserved 1179648K
  class space    used 8327K, committed 9024K, reserved 1048576K
}
Event: 62342.354 GC heap before
{Heap before GC invocations=2964 (full 7):
 PSYoungGen      total 7680K, used 7501K [0x00000000eab00000, 0x00000000eb700000, 0x0000000100000000)
  eden space 4096K, 100% used [0x00000000eab00000,0x00000000eaf00000,0x00000000eaf00000)
  from space 3584K, 95% used [0x00000000eb380000,0x00000000eb6d3400,0x00000000eb700000)
  to   space 4096K, 0% used [0x00000000eaf00000,0x00000000eaf00000,0x00000000eb300000)
 ParOldGen       total 618496K, used 618407K [0x00000000c0000000, 0x00000000e5c00000, 0x00000000eab00000)
  object space 618496K, 99% used [0x00000000c0000000,0x00000000e5be9da0,0x00000000e5c00000)
 Metaspace       used 85390K, committed 86976K, reserved 1179648K
  class space    used 8327K, committed 9024K, reserved 1048576K
}
Event: 62342.356 GC heap after
{Heap after GC invocations=2964 (full 7):
 PSYoungGen      total 8192K, used 4090K [0x00000000eab00000, 0x00000000ebf00000, 0x0000000100000000)
  eden space 4096K, 0% used [0x00000000eab00000,0x00000000eab00000,0x00000000eaf00000)
  from space 4096K, 99% used [0x00000000eaf00000,0x00000000eb2fea00,0x00000000eb300000)
  to   space 8192K, 0% used [0x00000000eb700000,0x00000000eb700000,0x00000000ebf00000)
 ParOldGen       total 622080K, used 621724K [0x00000000c0000000, 0x00000000e5f80000, 0x00000000eab00000)
  object space 622080K, 99% used [0x00000000c0000000,0x00000000e5f271a0,0x00000000e5f80000)
 Metaspace       used 85390K, committed 86976K, reserved 1179648K
  class space    used 8327K, committed 9024K, reserved 1048576K
}
Event: 62342.365 GC heap before
{Heap before GC invocations=2965 (full 7):
 PSYoungGen      total 8192K, used 8186K [0x00000000eab00000, 0x00000000ebf00000, 0x0000000100000000)
  eden space 4096K, 99% used [0x00000000eab00000,0x00000000eaefffe8,0x00000000eaf00000)
  from space 4096K, 99% used [0x00000000eaf00000,0x00000000eb2fea00,0x00000000eb300000)
  to   space 8192K, 0% used [0x00000000eb700000,0x00000000eb700000,0x00000000ebf00000)
 ParOldGen       total 622080K, used 621724K [0x00000000c0000000, 0x00000000e5f80000, 0x00000000eab00000)
  object space 622080K, 99% used [0x00000000c0000000,0x00000000e5f271a0,0x00000000e5f80000)
 Metaspace       used 85391K, committed 86976K, reserved 1179648K
  class space    used 8327K, committed 9024K, reserved 1048576K
}
Event: 62342.367 GC heap after
{Heap after GC invocations=2965 (full 7):
 PSYoungGen      total 7680K, used 3520K [0x00000000eab00000, 0x00000000eba80000, 0x0000000100000000)
  eden space 4096K, 0% used [0x00000000eab00000,0x00000000eab00000,0x00000000eaf00000)
  from space 3584K, 98% used [0x00000000eb700000,0x00000000eba70000,0x00000000eba80000)
  to   space 5120K, 0% used [0x00000000eb080000,0x00000000eb080000,0x00000000eb580000)
 ParOldGen       total 626176K, used 626084K [0x00000000c0000000, 0x00000000e6380000, 0x00000000eab00000)
  object space 626176K, 99% used [0x00000000c0000000,0x00000000e63690a0,0x00000000e6380000)
 Metaspace       used 85391K, committed 86976K, reserved 1179648K
  class space    used 8327K, committed 9024K, reserved 1048576K
}
Event: 62342.401 GC heap before
{Heap before GC invocations=2966 (full 7):
 PSYoungGen      total 7680K, used 7615K [0x00000000eab00000, 0x00000000eba80000, 0x0000000100000000)
  eden space 4096K, 99% used [0x00000000eab00000,0x00000000eaeffff0,0x00000000eaf00000)
  from space 3584K, 98% used [0x00000000eb700000,0x00000000eba70000,0x00000000eba80000)
  to   space 5120K, 0% used [0x00000000eb080000,0x00000000eb080000,0x00000000eb580000)
 ParOldGen       total 626176K, used 626084K [0x00000000c0000000, 0x00000000e6380000, 0x00000000eab00000)
  object space 626176K, 99% used [0x00000000c0000000,0x00000000e63690a0,0x00000000e6380000)
 Metaspace       used 85397K, committed 86976K, reserved 1179648K
  class space    used 8327K, committed 9024K, reserved 1048576K
}
Event: 62342.404 GC heap after
{Heap after GC invocations=2966 (full 7):
 PSYoungGen      total 7680K, used 3284K [0x00000000eab00000, 0x00000000eb780000, 0x0000000100000000)
  eden space 4096K, 0% used [0x00000000eab00000,0x00000000eab00000,0x00000000eaf00000)
  from space 3584K, 91% used [0x00000000eb080000,0x00000000eb3b5370,0x00000000eb400000)
  to   space 3584K, 0% used [0x00000000eb400000,0x00000000eb400000,0x00000000eb780000)
 ParOldGen       total 629760K, used 629508K [0x00000000c0000000, 0x00000000e6700000, 0x00000000eab00000)
  object space 629760K, 99% used [0x00000000c0000000,0x00000000e66c10a0,0x00000000e6700000)
 Metaspace       used 85397K, committed 86976K, reserved 1179648K
  class space    used 8327K, committed 9024K, reserved 1048576K
}
Event: 62342.481 GC heap before
{Heap before GC invocations=2967 (full 7):
 PSYoungGen      total 7680K, used 7380K [0x00000000eab00000, 0x00000000eb780000, 0x0000000100000000)
  eden space 4096K, 100% used [0x00000000eab00000,0x00000000eaf00000,0x00000000eaf00000)
  from space 3584K, 91% used [0x00000000eb080000,0x00000000eb3b5370,0x00000000eb400000)
  to   space 3584K, 0% used [0x00000000eb400000,0x00000000eb400000,0x00000000eb780000)
 ParOldGen       total 661504K, used 660228K [0x00000000c0000000, 0x00000000e8600000, 0x00000000eab00000)
  object space 661504K, 99% used [0x00000000c0000000,0x00000000e84c10d0,0x00000000e8600000)
 Metaspace       used 85414K, committed 86976K, reserved 1179648K
  class space    used 8327K, committed 9024K, reserved 1048576K
}
Event: 62342.483 GC heap after
{Heap after GC invocations=2967 (full 7):
 PSYoungGen      total 4608K, used 448K [0x00000000eab00000, 0x00000000eb480000, 0x0000000100000000)
  eden space 4096K, 0% used [0x00000000eab00000,0x00000000eab00000,0x00000000eaf00000)
  from space 512K, 87% used [0x00000000eb400000,0x00000000eb470020,0x00000000eb480000)
  to   space 2048K, 0% used [0x00000000eb080000,0x00000000eb080000,0x00000000eb280000)
 ParOldGen       total 661504K, used 660540K [0x00000000c0000000, 0x00000000e8600000, 0x00000000eab00000)
  object space 661504K, 99% used [0x00000000c0000000,0x00000000e850f0f0,0x00000000e8600000)
 Metaspace       used 85414K, committed 86976K, reserved 1179648K
  class space    used 8327K, committed 9024K, reserved 1048576K
}
Event: 62343.572 GC heap before
{Heap before GC invocations=2968 (full 7):
 PSYoungGen      total 4608K, used 4544K [0x00000000eab00000, 0x00000000eb480000, 0x0000000100000000)
  eden space 4096K, 100% used [0x00000000eab00000,0x00000000eaf00000,0x00000000eaf00000)
  from space 512K, 87% used [0x00000000eb400000,0x00000000eb470020,0x00000000eb480000)
  to   space 2048K, 0% used [0x00000000eb080000,0x00000000eb080000,0x00000000eb280000)
 ParOldGen       total 661504K, used 660540K [0x00000000c0000000, 0x00000000e8600000, 0x00000000eab00000)
  object space 661504K, 99% used [0x00000000c0000000,0x00000000e850f0f0,0x00000000e8600000)
 Metaspace       used 85414K, committed 86976K, reserved 1179648K
  class space    used 8327K, committed 9024K, reserved 1048576K
}
Event: 62343.573 GC heap after
{Heap after GC invocations=2968 (full 7):
 PSYoungGen      total 6144K, used 730K [0x00000000eab00000, 0x00000000eb480000, 0x0000000100000000)
  eden space 4096K, 0% used [0x00000000eab00000,0x00000000eab00000,0x00000000eaf00000)
  from space 2048K, 35% used [0x00000000eb080000,0x00000000eb136900,0x00000000eb280000)
  to   space 1024K, 0% used [0x00000000eb380000,0x00000000eb380000,0x00000000eb480000)
 ParOldGen       total 661504K, used 660724K [0x00000000c0000000, 0x00000000e8600000, 0x00000000eab00000)
  object space 661504K, 99% used [0x00000000c0000000,0x00000000e853d110,0x00000000e8600000)
 Metaspace       used 85414K, committed 86976K, reserved 1179648K
  class space    used 8327K, committed 9024K, reserved 1048576K
}
Event: 62343.579 GC heap before
{Heap before GC invocations=2969 (full 7):
 PSYoungGen      total 6144K, used 4826K [0x00000000eab00000, 0x00000000eb480000, 0x0000000100000000)
  eden space 4096K, 99% used [0x00000000eab00000,0x00000000eaeffff0,0x00000000eaf00000)
  from space 2048K, 35% used [0x00000000eb080000,0x00000000eb136900,0x00000000eb280000)
  to   space 1024K, 0% used [0x00000000eb380000,0x00000000eb380000,0x00000000eb480000)
 ParOldGen       total 661504K, used 660724K [0x00000000c0000000, 0x00000000e8600000, 0x00000000eab00000)
  object space 661504K, 99% used [0x00000000c0000000,0x00000000e853d110,0x00000000e8600000)
 Metaspace       used 85414K, committed 86976K, reserved 1179648K
  class space    used 8327K, committed 9024K, reserved 1048576K
}
Event: 62343.580 GC heap after
{Heap after GC invocations=2969 (full 7):
 PSYoungGen      total 5120K, used 842K [0x00000000eab00000, 0x00000000eb480000, 0x0000000100000000)
  eden space 4096K, 0% used [0x00000000eab00000,0x00000000eab00000,0x00000000eaf00000)
  from space 1024K, 82% used [0x00000000eb380000,0x00000000eb452910,0x00000000eb480000)
  to   space 1024K, 0% used [0x00000000eb280000,0x00000000eb280000,0x00000000eb380000)
 ParOldGen       total 661504K, used 661240K [0x00000000c0000000, 0x00000000e8600000, 0x00000000eab00000)
  object space 661504K, 99% used [0x00000000c0000000,0x00000000e85be330,0x00000000e8600000)
 Metaspace       used 85414K, committed 86976K, reserved 1179648K
  class space    used 8327K, committed 9024K, reserved 1048576K
}

